<?xml version="1.0" encoding="UTF-8"?>
<testsuite xmlns:xsi="http://www.w3.org/2001/XMLSchema-instance" xsi:noNamespaceSchemaLocation="https://maven.apache.org/surefire/maven-surefire-plugin/xsd/surefire-test-report.xsd" version="3.0.2" name="com.taskengine.coordinator.integration.JobSubmissionIntegrationTest" time="30.858" tests="1" errors="0" skipped="0" failures="0">
  <properties>
[...]
</properties>
  <testcase name="testSubmitJobIntegration" classname="com.taskengine.coordinator.integration.JobSubmissionIntegrationTest" time="1.093">
    <system-out><![CDATA[13:24:59.568 [main] INFO org.springframework.test.context.support.AnnotationConfigContextLoaderUtils -- Could not detect default configuration classes for test class [com.taskengine.coordinator.integration.JobSubmissionIntegrationTest]: JobSubmissionIntegrationTest does not declare any static, non-private, non-final, nested classes annotated with @Configuration.
13:24:59.805 [main] INFO org.springframework.boot.test.context.SpringBootTestContextBootstrapper -- Found @SpringBootConfiguration com.taskengine.coordinator.CoordinatorApplication for test class com.taskengine.coordinator.integration.JobSubmissionIntegrationTest
13:25:00.027 [main] INFO org.testcontainers.images.PullPolicy -- Image pull policy will be performed by: DefaultPullPolicy()
13:25:00.032 [main] INFO org.testcontainers.utility.ImageNameSubstitutor -- Image name substitution will be performed by: DefaultImageNameSubstitutor (composite of 'ConfigurationFileImageNameSubstitutor' and 'PrefixingImageNameSubstitutor')
13:25:00.105 [main] INFO org.testcontainers.DockerClientFactory -- Testcontainers version: 1.21.4
13:25:00.873 [main] INFO org.testcontainers.dockerclient.DockerClientProviderStrategy -- Found Docker environment with local Npipe socket (npipe:////./pipe/docker_engine)
13:25:00.893 [main] INFO org.testcontainers.DockerClientFactory -- Docker host IP address is localhost
13:25:00.926 [main] INFO org.testcontainers.DockerClientFactory -- Connected to docker: 
  Server Version: 29.5.3
  API Version: 1.54
  Operating System: Docker Desktop
  Total Memory: 7743 MB
  Labels: 
    com.docker.desktop.address=npipe://\\.\pipe\docker_cli
13:25:01.123 [main] INFO tc.testcontainers/ryuk:0.12.0 -- Pulling docker image: testcontainers/ryuk:0.12.0. Please be patient; this may take some time but only needs to be done once.
13:25:05.415 [docker-java-stream-274195992] INFO tc.testcontainers/ryuk:0.12.0 -- Starting to pull image
13:25:05.481 [docker-java-stream-274195992] INFO tc.testcontainers/ryuk:0.12.0 -- Pulling image layers:  0 pending,  0 downloaded,  0 extracted, (0 bytes/0 bytes)
13:25:07.900 [docker-java-stream-274195992] INFO tc.testcontainers/ryuk:0.12.0 -- Pulling image layers:  2 pending,  1 downloaded,  0 extracted, (0 bytes/? MB)
13:25:10.488 [docker-java-stream-274195992] INFO tc.testcontainers/ryuk:0.12.0 -- Pulling image layers:  1 pending,  2 downloaded,  0 extracted, (6 MB/? MB)
13:25:10.690 [docker-java-stream-274195992] INFO tc.testcontainers/ryuk:0.12.0 -- Pulling image layers:  1 pending,  2 downloaded,  1 extracted, (7 MB/? MB)
13:25:10.848 [docker-java-stream-274195992] INFO tc.testcontainers/ryuk:0.12.0 -- Pulling image layers:  1 pending,  2 downloaded,  2 extracted, (7 MB/? MB)
13:25:11.587 [docker-java-stream-274195992] INFO tc.testcontainers/ryuk:0.12.0 -- Pulling image layers:  0 pending,  3 downloaded,  2 extracted, (9 MB/10 MB)
13:25:11.591 [docker-java-stream-274195992] INFO tc.testcontainers/ryuk:0.12.0 -- Pulling image layers:  0 pending,  3 downloaded,  3 extracted, (9 MB/10 MB)
13:25:11.594 [main] INFO tc.testcontainers/ryuk:0.12.0 -- Image testcontainers/ryuk:0.12.0 pull took PT10.4710261S
13:25:11.594 [docker-java-stream-274195992] INFO tc.testcontainers/ryuk:0.12.0 -- Pull complete. 3 layers, pulled in 6s (downloaded 9 MB at 1 MB/s)
13:25:11.776 [main] INFO tc.testcontainers/ryuk:0.12.0 -- Creating container for image: testcontainers/ryuk:0.12.0
13:25:12.013 [main] INFO tc.testcontainers/ryuk:0.12.0 -- Container testcontainers/ryuk:0.12.0 is starting: 2e8ec29fa95bc0decb21f687070a3116e830971ef739517dac651b7e999ee211
13:25:12.520 [main] INFO tc.testcontainers/ryuk:0.12.0 -- Container testcontainers/ryuk:0.12.0 started in PT0.7434S
13:25:12.532 [main] INFO org.testcontainers.utility.RyukResourceReaper -- Ryuk started - will monitor and terminate Testcontainers containers on JVM exit
13:25:12.532 [main] INFO org.testcontainers.DockerClientFactory -- Checking the system...
13:25:12.534 [main] INFO org.testcontainers.DockerClientFactory -- ✔︎ Docker server version should be at least 1.6.0
13:25:12.535 [main] INFO tc.postgres:16-alpine -- Creating container for image: postgres:16-alpine
13:25:12.664 [main] INFO tc.postgres:16-alpine -- Container postgres:16-alpine is starting: 71282d8a95648d248c96f1a3c2b88a3968f3d9990182567c0bea2f61a942c99c
13:25:14.937 [main] INFO tc.postgres:16-alpine -- Container postgres:16-alpine started in PT2.4022791S
13:25:14.939 [main] INFO tc.postgres:16-alpine -- Container is started (JDBC URL: jdbc:postgresql://localhost:60603/testdb?loggerLevel=OFF)

  .   ____          _            __ _ _
 /\\ / ___'_ __ _ _(_)_ __  __ _ \ \ \ \
( ( )\___ | '_ | '_| | '_ \/ _` | \ \ \ \
 \\/  ___)| |_)| | | | | || (_| |  ) ) ) )
  '  |____| .__|_| |_|_| |_\__, | / / / /
 =========|_|==============|___/=/_/_/_/

 :: Spring Boot ::               (v3.5.15)

2026-06-21T13:25:15.583+05:30  INFO 20536 --- [coordinator-service] [           main] c.t.c.i.JobSubmissionIntegrationTest     : Starting JobSubmissionIntegrationTest using Java 21.0.8 with PID 20536 (started by Ashish Chaurasiya in C:\Users\Ashish Chaurasiya\System Design\distributed-task-engine\coordinator-service)
2026-06-21T13:25:15.585+05:30  INFO 20536 --- [coordinator-service] [           main] c.t.c.i.JobSubmissionIntegrationTest     : No active profile set, falling back to 1 default profile: "default"
2026-06-21T13:25:18.119+05:30  INFO 20536 --- [coordinator-service] [           main] .s.d.r.c.RepositoryConfigurationDelegate : Bootstrapping Spring Data JPA repositories in DEFAULT mode.
2026-06-21T13:25:18.326+05:30  INFO 20536 --- [coordinator-service] [           main] .s.d.r.c.RepositoryConfigurationDelegate : Finished Spring Data repository scanning in 183 ms. Found 4 JPA repository interfaces.
2026-06-21T13:25:19.721+05:30  INFO 20536 --- [coordinator-service] [           main] o.s.b.w.embedded.tomcat.TomcatWebServer  : Tomcat initialized with port 0 (http)
2026-06-21T13:25:19.744+05:30  INFO 20536 --- [coordinator-service] [           main] o.apache.catalina.core.StandardService   : Starting service [Tomcat]
2026-06-21T13:25:19.746+05:30  INFO 20536 --- [coordinator-service] [           main] o.apache.catalina.core.StandardEngine    : Starting Servlet engine: [Apache Tomcat/10.1.55]
2026-06-21T13:25:19.856+05:30  INFO 20536 --- [coordinator-service] [           main] o.a.c.c.C.[Tomcat].[localhost].[/]       : Initializing Spring embedded WebApplicationContext
2026-06-21T13:25:19.858+05:30  INFO 20536 --- [coordinator-service] [           main] w.s.c.ServletWebServerApplicationContext : Root WebApplicationContext: initialization completed in 4244 ms
2026-06-21T13:25:20.639+05:30  INFO 20536 --- [coordinator-service] [           main] org.flywaydb.core.FlywayExecutor         : Database: jdbc:postgresql://localhost:60603/testdb?loggerLevel=OFF (PostgreSQL 16.14)
2026-06-21T13:25:20.706+05:30  INFO 20536 --- [coordinator-service] [           main] o.f.c.i.s.JdbcTableSchemaHistory         : Schema history table "public"."flyway_schema_history" does not exist yet
2026-06-21T13:25:20.715+05:30  INFO 20536 --- [coordinator-service] [           main] o.f.core.internal.command.DbValidate     : Successfully validated 1 migration (execution time 00:00.029s)
2026-06-21T13:25:20.738+05:30  INFO 20536 --- [coordinator-service] [           main] org.flywaydb.core.Flyway                 : All configured schemas are empty; baseline operation skipped. A baseline or migration script with a lower version than the baseline version may execute if available. Check the Schemas parameter if this is not intended.
2026-06-21T13:25:20.748+05:30  INFO 20536 --- [coordinator-service] [           main] o.f.c.i.s.JdbcTableSchemaHistory         : Creating Schema History table "public"."flyway_schema_history" ...
2026-06-21T13:25:20.873+05:30  INFO 20536 --- [coordinator-service] [           main] o.f.core.internal.command.DbMigrate      : Current version of schema "public": << Empty Schema >>
2026-06-21T13:25:20.901+05:30  INFO 20536 --- [coordinator-service] [           main] o.f.core.internal.command.DbMigrate      : Migrating schema "public" to version "1 - init schema"
2026-06-21T13:25:21.010+05:30  INFO 20536 --- [coordinator-service] [           main] o.f.core.internal.command.DbMigrate      : Successfully applied 1 migration to schema "public", now at version v1 (execution time 00:00.078s)
2026-06-21T13:25:21.161+05:30  INFO 20536 --- [coordinator-service] [           main] o.hibernate.jpa.internal.util.LogHelper  : HHH000204: Processing PersistenceUnitInfo [name: default]
2026-06-21T13:25:21.260+05:30  INFO 20536 --- [coordinator-service] [           main] org.hibernate.Version                    : HHH000412: Hibernate ORM core version 6.6.53.Final
2026-06-21T13:25:21.321+05:30  INFO 20536 --- [coordinator-service] [           main] o.h.c.internal.RegionFactoryInitiator    : HHH000026: Second-level cache disabled
2026-06-21T13:25:21.770+05:30  INFO 20536 --- [coordinator-service] [           main] o.s.o.j.p.SpringPersistenceUnitInfo      : No LoadTimeWeaver setup: ignoring JPA class transformer
2026-06-21T13:25:21.803+05:30  INFO 20536 --- [coordinator-service] [           main] com.zaxxer.hikari.HikariDataSource       : HikariPool-1 - Starting...
2026-06-21T13:25:21.842+05:30  INFO 20536 --- [coordinator-service] [           main] com.zaxxer.hikari.pool.HikariPool        : HikariPool-1 - Added connection org.postgresql.jdbc.PgConnection@55d98bbb
2026-06-21T13:25:21.844+05:30  INFO 20536 --- [coordinator-service] [           main] com.zaxxer.hikari.HikariDataSource       : HikariPool-1 - Start completed.
2026-06-21T13:25:21.992+05:30  INFO 20536 --- [coordinator-service] [           main] org.hibernate.orm.connections.pooling    : HHH10001005: Database info:
	Database JDBC URL [Connecting through datasource 'HikariDataSource (HikariPool-1)']
	Database driver: undefined/unknown
	Database version: 16.14
	Autocommit mode: undefined/unknown
	Isolation level: undefined/unknown
	Minimum pool size: undefined/unknown
	Maximum pool size: undefined/unknown
2026-06-21T13:25:23.137+05:30  INFO 20536 --- [coordinator-service] [           main] o.h.e.t.j.p.i.JtaPlatformInitiator       : HHH000489: No JTA platform available (set 'hibernate.transaction.jta.platform' to enable JTA platform integration)
2026-06-21T13:25:23.198+05:30  INFO 20536 --- [coordinator-service] [           main] j.LocalContainerEntityManagerFactoryBean : Initialized JPA EntityManagerFactory for persistence unit 'default'
2026-06-21T13:25:23.902+05:30  INFO 20536 --- [coordinator-service] [           main] o.s.d.j.r.query.QueryEnhancerFactory     : Hibernate is in classpath; If applicable, HQL parser will be used.
2026-06-21T13:25:25.023+05:30  INFO 20536 --- [coordinator-service] [           main] c.t.coordinator.config.MetricsConfig     : Registered coordinator Micrometer gauges: active_workers, queued_tasks, running_tasks
2026-06-21T13:25:25.170+05:30  INFO 20536 --- [coordinator-service] [           main] c.t.coordinator.config.ThreadPoolConfig  : Created heartbeat monitor executor with 1 thread
2026-06-21T13:25:25.176+05:30  INFO 20536 --- [coordinator-service] [           main] c.t.c.heartbeat.HeartbeatMonitorService  : Starting heartbeat monitor with 5s check interval. Unhealthy threshold: 10s, Dead threshold: 15s
2026-06-21T13:25:25.184+05:30  INFO 20536 --- [coordinator-service] [           main] c.t.coordinator.config.ThreadPoolConfig  : Created task scheduler executor with 2 threads
2026-06-21T13:25:25.194+05:30  INFO 20536 --- [coordinator-service] [           main] c.t.c.service.TaskSchedulerService       : Starting task scheduler with 5s interval using 'round-robin' strategy
2026-06-21T13:25:25.566+05:30  INFO 20536 --- [coordinator-service] [           main] o.s.v.b.OptionalValidatorFactoryBean     : Failed to set up a Bean Validation provider: jakarta.validation.NoProviderFoundException: Unable to create a Configuration, because no Jakarta Bean Validation provider could be found. Add a provider like Hibernate Validator (RI) to your classpath.
2026-06-21T13:25:26.692+05:30  INFO 20536 --- [coordinator-service] [           main] g.s.a.GrpcServerFactoryAutoConfiguration : Detected grpc-netty-shaded: Creating ShadedNettyGrpcServerFactory
2026-06-21T13:25:26.755+05:30  INFO 20536 --- [coordinator-service] [           main] n.d.b.g.c.a.GrpcClientAutoConfiguration  : Detected grpc-netty-shaded: Creating ShadedNettyChannelFactory + InProcessChannelFactory
2026-06-21T13:25:27.603+05:30  INFO 20536 --- [coordinator-service] [           main] o.s.b.a.e.web.EndpointLinksResolver      : Exposing 3 endpoints beneath base path '/actuator'
2026-06-21T13:25:28.061+05:30  INFO 20536 --- [coordinator-service] [           main] o.s.b.w.embedded.tomcat.TomcatWebServer  : Tomcat started on port 60614 (http) with context path '/'
2026-06-21T13:25:28.170+05:30  INFO 20536 --- [coordinator-service] [           main] n.d.b.g.s.s.AbstractGrpcServerFactory    : Registered gRPC service: taskengine.CoordinatorService, bean: coordinatorGrpcService, class: com.taskengine.coordinator.grpc.CoordinatorGrpcService
2026-06-21T13:25:28.171+05:30  INFO 20536 --- [coordinator-service] [           main] n.d.b.g.s.s.AbstractGrpcServerFactory    : Registered gRPC service: grpc.health.v1.Health, bean: grpcHealthService, class: io.grpc.protobuf.services.HealthServiceImpl
2026-06-21T13:25:28.171+05:30  INFO 20536 --- [coordinator-service] [           main] n.d.b.g.s.s.AbstractGrpcServerFactory    : Registered gRPC service: grpc.reflection.v1alpha.ServerReflection, bean: protoReflectionService, class: io.grpc.protobuf.services.ProtoReflectionService
2026-06-21T13:25:28.334+05:30  INFO 20536 --- [coordinator-service] [           main] n.d.b.g.s.s.GrpcServerLifecycle          : gRPC Server started, listening on address: *, port: 9090
2026-06-21T13:25:28.352+05:30  INFO 20536 --- [coordinator-service] [           main] c.t.c.i.JobSubmissionIntegrationTest     : Started JobSubmissionIntegrationTest in 13.307 seconds (process running for 30.04)
2026-06-21T13:25:28.497+05:30  INFO 20536 --- [coordinator-service] [           main] c.t.c.r.CoordinatorRecoveryService       : === Coordinator Recovery Service Starting ===
2026-06-21T13:25:28.497+05:30  INFO 20536 --- [coordinator-service] [           main] c.t.c.r.CoordinatorRecoveryService       : Scanning database for unfinished jobs and tasks from previous run...
2026-06-21T13:25:28.524+05:30  INFO 20536 --- [coordinator-service] [           main] c.t.c.fault.FaultRecoveryService         : Starting coordinator restart recovery — scanning for unfinished jobs and tasks
2026-06-21T13:25:28.633+05:30  INFO 20536 --- [coordinator-service] [           main] c.t.c.fault.FaultRecoveryService         : Coordinator restart recovery complete: RecoverySummary{jobsRecovered=0, tasksReQueued=0, tasksFailed=0}
2026-06-21T13:25:28.639+05:30  INFO 20536 --- [coordinator-service] [           main] c.t.c.r.CoordinatorRecoveryService       : No unfinished jobs found. Clean startup.
2026-06-21T13:25:28.639+05:30  INFO 20536 --- [coordinator-service] [           main] c.t.c.r.CoordinatorRecoveryService       : === Coordinator Recovery Service Complete ===
2026-06-21T13:25:29.344+05:30  INFO 20536 --- [coordinator-service] [o-auto-1-exec-1] o.a.c.c.C.[Tomcat].[localhost].[/]       : Initializing Spring DispatcherServlet 'dispatcherServlet'
2026-06-21T13:25:29.345+05:30  INFO 20536 --- [coordinator-service] [o-auto-1-exec-1] o.s.web.servlet.DispatcherServlet        : Initializing Servlet 'dispatcherServlet'
2026-06-21T13:25:29.346+05:30  INFO 20536 --- [coordinator-service] [o-auto-1-exec-1] o.s.web.servlet.DispatcherServlet        : Completed initialization in 1 ms
2026-06-21T13:25:29.401+05:30  INFO 20536 --- [coordinator-service] [o-auto-1-exec-1] c.t.c.controller.JobController           : REST: Submitting job: name='Integration Test Job', type='WORD_COUNT'
2026-06-21T13:25:29.405+05:30  INFO 20536 --- [coordinator-service] [o-auto-1-exec-1] c.t.coordinator.service.JobService       : Submitting new job: name='Integration Test Job', type='WORD_COUNT'
2026-06-21T13:25:29.407+05:30  INFO 20536 --- [coordinator-service] [o-auto-1-exec-1] c.t.c.splitter.DefaultJobSplitter        : Split job input into 2 task(s)
2026-06-21T13:25:29.448+05:30  INFO 20536 --- [coordinator-service] [o-auto-1-exec-1] c.t.coordinator.service.JobService       : Created job 'Integration Test Job' with ID '69528c96-5e65-4018-bce0-605a71353f21'
2026-06-21T13:25:29.449+05:30  INFO 20536 --- [coordinator-service] [o-auto-1-exec-1] c.t.coordinator.service.TaskService      : Creating 2 tasks for job '69528c96-5e65-4018-bce0-605a71353f21'
2026-06-21T13:25:29.522+05:30  INFO 20536 --- [coordinator-service] [o-auto-1-exec-1] c.t.coordinator.service.TaskService      : Created 2 tasks for job '69528c96-5e65-4018-bce0-605a71353f21'
2026-06-21T13:25:29.524+05:30  INFO 20536 --- [coordinator-service] [o-auto-1-exec-1] c.t.coordinator.event.JobEventListener   : Job '69528c96-5e65-4018-bce0-605a71353f21' state transition: SUBMITTED → RUNNING
2026-06-21T13:25:29.525+05:30  INFO 20536 --- [coordinator-service] [o-auto-1-exec-1] c.t.coordinator.service.JobService       : Job '69528c96-5e65-4018-bce0-605a71353f21' submitted successfully with 2 tasks
2026-06-21T13:25:29.628+05:30  INFO 20536 --- [coordinator-service] [o-auto-1-exec-1] c.t.c.controller.JobController           : REST: Job created: jobId=69528c96-5e65-4018-bce0-605a71353f21, totalTasks=2
]]></system-out>
    <system-err><![CDATA[Mockito is currently self-attaching to enable the inline-mock-maker. This will no longer work in future releases of the JDK. Please add Mockito as an agent to your build as described in Mockito's documentation: https://javadoc.io/doc/org.mockito/mockito-core/latest/org.mockito/org/mockito/Mockito.html#0.3
WARNING: A Java agent has been loaded dynamically (C:\Users\Ashish Chaurasiya\.m2\repository\net\bytebuddy\byte-buddy-agent\1.17.8\byte-buddy-agent-1.17.8.jar)
WARNING: If a serviceability tool is in use, please run with -XX:+EnableDynamicAgentLoading to hide this warning
WARNING: If a serviceability tool is not in use, please run with -Djdk.instrument.traceUsage for more information
WARNING: Dynamic loading of agents will be disallowed by default in a future release
]]></system-err>
  </testcase>
</testsuite>