<?xml version="1.0" encoding="UTF-8"?>
<testsuite xmlns:xsi="http://www.w3.org/2001/XMLSchema-instance" xsi:noNamespaceSchemaLocation="https://maven.apache.org/surefire/maven-surefire-plugin/xsd/surefire-test-report.xsd" version="3.0.2" name="com.taskengine.coordinator.service.JobServiceTest" time="2.085" tests="1" errors="0" skipped="0" failures="0">
  <properties>
[...]
</properties>
  <testcase name="testSubmitJob" classname="com.taskengine.coordinator.service.JobServiceTest" time="2.047">
    <system-out><![CDATA[13:33:38.018 [main] INFO com.taskengine.coordinator.service.JobService -- Submitting new job: name='Test Job', type='WORD_COUNT'
13:33:38.036 [main] INFO com.taskengine.coordinator.splitter.DefaultJobSplitter -- Split job input into 2 task(s)
13:33:38.049 [main] INFO com.taskengine.coordinator.service.JobService -- Created job 'Test Job' with ID '8fc66fec-a6ec-4670-a36f-2c3488eb4206'
13:33:38.057 [main] INFO com.taskengine.coordinator.service.JobService -- Job '8fc66fec-a6ec-4670-a36f-2c3488eb4206' submitted successfully with 2 tasks
]]></system-out>
    <system-err><![CDATA[Mockito is currently self-attaching to enable the inline-mock-maker. This will no longer work in future releases of the JDK. Please add Mockito as an agent to your build as described in Mockito's documentation: https://javadoc.io/doc/org.mockito/mockito-core/latest/org.mockito/org/mockito/Mockito.html#0.3
WARNING: A Java agent has been loaded dynamically (C:\Users\Ashish Chaurasiya\.m2\repository\net\bytebuddy\byte-buddy-agent\1.17.8\byte-buddy-agent-1.17.8.jar)
WARNING: If a serviceability tool is in use, please run with -XX:+EnableDynamicAgentLoading to hide this warning
WARNING: If a serviceability tool is not in use, please run with -Djdk.instrument.traceUsage for more information
WARNING: Dynamic loading of agents will be disallowed by default in a future release
]]></system-err>
  </testcase>
</testsuite>