<?xml version="1.0" encoding="UTF-8"?>
<testsuite xmlns:xsi="http://www.w3.org/2001/XMLSchema-instance" xsi:noNamespaceSchemaLocation="https://maven.apache.org/surefire/maven-surefire-plugin/xsd/surefire-test-report.xsd" version="3.0.2" name="com.taskengine.worker.executor.WordCountExecutorTest" time="0.987" tests="1" errors="0" skipped="0" failures="0">
  <properties>
[...]
</properties>
  <testcase name="testExecuteWordCount" classname="com.taskengine.worker.executor.WordCountExecutorTest" time="0.677">
    <system-out><![CDATA[13:33:58.442 [main] INFO com.taskengine.worker.executor.WordCountExecutor -- Executing WORD_COUNT task [test-task], input length=32
13:33:59.092 [main] INFO com.taskengine.worker.executor.WordCountExecutor -- WORD_COUNT task [test-task] completed in 646 ms — 3 unique words found
]]></system-out>
  </testcase>
</testsuite>